Packages OK
Looking for data file at: /home/sc.uni-leipzig.de/og98ohex/notears/notears/cyto_analysis/cyto_full_data.csv
Looking for target file at: /home/sc.uni-leipzig.de/og98ohex/notears/notears/cyto_analysis/cyto_full_target.csv
Data shape: (7466, 11)
Data columns: ['praf', 'pmek', 'plcg', 'PIP2', 'PIP3', 'p44/42', 'pakts473', 'PKA', 'PKC', 'P38', 'pjnk']
Target shape: (18, 2)
Target columns: ['Cause', 'Effect']

Adjacency Matrix (DataFrame):
          praf  pmek  plcg  PIP2  PIP3  p44/42  pakts473  PKA  PKC  P38  pjnk
praf         0     1     0     0     0       0         0    0    0    0     0
pmek         0     0     0     0     0       1         0    0    0    0     0
plcg         0     0     0     1     0       0         0    0    1    0     0
PIP2         0     0     0     0     1       0         0    0    1    0     0
PIP3         0     0     1     0     0       0         1    0    0    0     0
p44/42       0     0     0     0     0       0         0    0    0    0     0
pakts473     0     0     0     0     0       0         0    0    0    0     0
PKA          1     1     0     0     0       1         1    0    0    1     1
PKC          1     1     0     0     0       0         0    0    0    1     1
P38          0     0     0     0     0       0         0    0    0    0     0
pjnk         0     0     0     0     0       0         0    0    0    0     0
Original dataset shape: (7466, 11)
Sampled dataset shape: (50, 11)

Datasets loaded successfully!
X (features): (50, 11)
Adjacency matrix: (11, 11)

starting Alg: NOTEARS

Finished running Alg: NOTEARS
[[  0.           1.29172405   0.           0.           0.
    0.           0.           0.           0.           0.
    0.        ]
 [  0.           0.           0.           0.           0.
    0.           0.           0.           0.           0.
    0.        ]
 [ -3.24782377  -0.28692428   0.           1.90093926   0.
    0.           0.          -2.39496177   0.           0.
   -0.64527906]
 [  0.49566872   0.13326582   0.           0.           0.
    0.           0.           0.49650153   0.           0.
    0.        ]
 [ -0.32566935   0.13425545   0.24753734   2.35303251   0.
    0.           0.           0.67100028   0.           0.28631123
    0.        ]
 [ -1.27030929  -1.45901874   0.28796264  -1.31905854  -0.26379032
    0.           1.19387965 -14.65223986   0.10744589  -1.64614517
    1.0038894 ]
 [ -1.05462078   0.73004417  -0.2945183    1.71505947   0.
    0.           0.          14.39590804   0.           1.47533558
   -0.76336484]
 [  0.           0.           0.           0.           0.
    0.           0.           0.           0.           0.
    0.        ]
 [-10.32525075  -2.52500438  -1.73037027   2.56235342  -0.27518972
    0.           0.37512711   1.85909068   0.           3.98092787
   -0.14872815]
 [  5.70299535   0.75923523   1.15143608  -0.88262991   0.
    0.           0.          -2.40009405   0.           0.
    1.00300538]
 [ -1.03545719   0.           0.           0.           0.
    0.           0.           0.46095181   0.           0.
    0.        ]]
[[0. 1. 0. 0. 0. 0. 0. 0. 0. 0. 0.]
 [0. 0. 0. 0. 0. 0. 0. 0. 0. 0. 0.]
 [1. 1. 0. 1. 0. 0. 0. 1. 0. 0. 1.]
 [1. 1. 0. 0. 0. 0. 0. 1. 0. 0. 0.]
 [1. 1. 1. 1. 0. 0. 0. 1. 0. 1. 0.]
 [1. 1. 1. 1. 1. 0. 1. 1. 1. 1. 1.]
 [1. 1. 1. 1. 0. 0. 0. 1. 0. 1. 1.]
 [0. 0. 0. 0. 0. 0. 0. 0. 0. 0. 0.]
 [1. 1. 1. 1. 1. 0. 1. 1. 0. 1. 1.]
 [1. 1. 1. 1. 0. 0. 0. 1. 0. 0. 1.]
 [1. 0. 0. 0. 0. 0. 0. 1. 0. 0. 0.]]
Accuracies W_Est continuous {'fdr': 0.8571428571428571, 'tpr': 0.3888888888888889, 'fpr': 1.135135135135135, 'shd': 45, 'nnz': 49}
Accuracies W_est_binary {'fdr': 0.8571428571428571, 'tpr': 0.3888888888888889, 'fpr': 1.135135135135135, 'shd': 45, 'nnz': 49}
Accuracies W_Est bootstrapped {'fdr': 0.8571428571428571, 'tpr': 0.3888888888888889, 'fpr': 1.135135135135135, 'shd': 45, 'nnz': 49}
0:02:24
